<?xml version="1.0" encoding="UTF-8"?>
<!-- Generated by org.testng.reporters.JUnitReportReporter -->
<testsuite hostname="I20462" failures="0" tests="1" name="TestRunners.TestRunner" time="11.915" errors="0" timestamp="2025-02-27T19:36:31 IST" skipped="0">
  <testcase classname="TestRunners.TestRunner" name="runScenario" time="11.915"/>
</testsuite> <!-- TestRunners.TestRunner -->
