<?xml version="1.0" encoding="UTF-8"?>
<!-- Generated by org.testng.reporters.JUnitReportReporter -->
<testsuite hostname="I20462" failures="0" tests="1" name="TestRunners.TestRunner" time="20.778" errors="0" timestamp="2025-03-06T15:56:03 IST" skipped="0">
  <testcase classname="TestRunners.TestRunner" name="runScenario" time="20.778"/>
</testsuite> <!-- TestRunners.TestRunner -->
