<?xml version="1.0" encoding="UTF-8"?>
<!-- Generated by org.testng.reporters.JUnitReportReporter -->
<testsuite hostname="I20462" failures="0" tests="1" name="TestRunners.TestRunner" time="10.720" errors="0" timestamp="2025-03-04T20:36:42 IST" skipped="0">
  <testcase classname="TestRunners.TestRunner" name="runScenario" time="10.720"/>
</testsuite> <!-- TestRunners.TestRunner -->
