<?xml version="1.0" encoding="UTF-8"?>
<!-- Generated by org.testng.reporters.JUnitReportReporter -->
<testsuite hostname="I20462" failures="0" tests="1" name="TestRunners.TestRunner" time="17.578" errors="0" timestamp="2025-02-27T20:00:00 IST" skipped="0">
  <testcase classname="TestRunners.TestRunner" name="runScenario" time="17.578"/>
</testsuite> <!-- TestRunners.TestRunner -->
